                                      1 ;--------------------------------------------------------
                                      2 ; File Created by SDCC : free open source ANSI-C Compiler
                                      3 ; Version 3.5.0 #9253 (Mar 24 2016) (Linux)
                                      4 ; This file was generated Fri Jul 22 15:04:24 2016
                                      5 ;--------------------------------------------------------
                                      6 	.module uart
                                      7 	.optsdcc -mstm8
                                      8 	
                                      9 ;--------------------------------------------------------
                                     10 ; Public variables in this module
                                     11 ;--------------------------------------------------------
                                     12 	.globl _uart_read
                                     13 	.globl _strlen
                                     14 	.globl _UART1_GetFlagStatus
                                     15 	.globl _UART1_SendData8
                                     16 	.globl _UART1_ReceiveData8
                                     17 	.globl _UART1_ITConfig
                                     18 	.globl _UART1_Cmd
                                     19 	.globl _UART1_Init
                                     20 	.globl _UART1_DeInit
                                     21 	.globl _UART_Config
                                     22 	.globl _uart_write
                                     23 ;--------------------------------------------------------
                                     24 ; ram data
                                     25 ;--------------------------------------------------------
                                     26 	.area DATA
                                     27 ;--------------------------------------------------------
                                     28 ; ram data
                                     29 ;--------------------------------------------------------
                                     30 	.area INITIALIZED
                                     31 ;--------------------------------------------------------
                                     32 ; absolute external ram data
                                     33 ;--------------------------------------------------------
                                     34 	.area DABS (ABS)
                                     35 ;--------------------------------------------------------
                                     36 ; global & static initialisations
                                     37 ;--------------------------------------------------------
                                     38 	.area HOME
                                     39 	.area GSINIT
                                     40 	.area GSFINAL
                                     41 	.area GSINIT
                                     42 ;--------------------------------------------------------
                                     43 ; Home
                                     44 ;--------------------------------------------------------
                                     45 	.area HOME
                                     46 	.area HOME
                                     47 ;--------------------------------------------------------
                                     48 ; code
                                     49 ;--------------------------------------------------------
                                     50 	.area CODE
                                     51 ;	src/uart.c: 6: void UART_Config(void)
                                     52 ;	-----------------------------------------
                                     53 ;	 function UART_Config
                                     54 ;	-----------------------------------------
      000000                         55 _UART_Config:
                                     56 ;	src/uart.c: 9: UART1_DeInit();
      000000 CDr00r00         [ 4]   57 	call	_UART1_DeInit
                                     58 ;	src/uart.c: 20: UART1_Init((uint32_t)9600, UART1_WORDLENGTH_8D, UART1_STOPBITS_1, UART1_PARITY_NO,
      000003 4B 0C            [ 1]   59 	push	#0x0c
      000005 4B 80            [ 1]   60 	push	#0x80
      000007 4B 00            [ 1]   61 	push	#0x00
      000009 4B 00            [ 1]   62 	push	#0x00
      00000B 4B 00            [ 1]   63 	push	#0x00
      00000D 4B 80            [ 1]   64 	push	#0x80
      00000F 4B 25            [ 1]   65 	push	#0x25
      000011 5F               [ 1]   66 	clrw	x
      000012 89               [ 2]   67 	pushw	x
      000013 CDr00r00         [ 4]   68 	call	_UART1_Init
      000016 5B 09            [ 2]   69 	addw	sp, #9
                                     70 ;	src/uart.c: 24: UART1_ITConfig(UART1_IT_RXNE_OR , ENABLE);
      000018 4B 01            [ 1]   71 	push	#0x01
      00001A 4B 05            [ 1]   72 	push	#0x05
      00001C 4B 02            [ 1]   73 	push	#0x02
      00001E CDr00r00         [ 4]   74 	call	_UART1_ITConfig
      000021 5B 03            [ 2]   75 	addw	sp, #3
                                     76 ;	src/uart.c: 25: UART1_Cmd(ENABLE);
      000023 4B 01            [ 1]   77 	push	#0x01
      000025 CDr00r00         [ 4]   78 	call	_UART1_Cmd
      000028 84               [ 1]   79 	pop	a
                                     80 ;	src/uart.c: 28: enableInterrupts();    
      000029 9A               [ 1]   81 	rim
      00002A 81               [ 4]   82 	ret
                                     83 ;	src/uart.c: 31: int uart_write(const char *str) {
                                     84 ;	-----------------------------------------
                                     85 ;	 function uart_write
                                     86 ;	-----------------------------------------
      00002B                         87 _uart_write:
      00002B 52 03            [ 2]   88 	sub	sp, #3
                                     89 ;	src/uart.c: 33: for(i = 0; i < strlen(str); i++) {
      00002D 0F 01            [ 1]   90 	clr	(0x01, sp)
      00002F                         91 00106$:
      00002F 1E 06            [ 2]   92 	ldw	x, (0x06, sp)
      000031 89               [ 2]   93 	pushw	x
      000032 CDr00r00         [ 4]   94 	call	_strlen
      000035 5B 02            [ 2]   95 	addw	sp, #2
      000037 1F 02            [ 2]   96 	ldw	(0x02, sp), x
      000039 7B 01            [ 1]   97 	ld	a, (0x01, sp)
      00003B 97               [ 1]   98 	ld	xl, a
      00003C 49               [ 1]   99 	rlc	a
      00003D 4F               [ 1]  100 	clr	a
      00003E A2 00            [ 1]  101 	sbc	a, #0x00
      000040 95               [ 1]  102 	ld	xh, a
      000041 13 02            [ 2]  103 	cpw	x, (0x02, sp)
      000043 24 1C            [ 1]  104 	jrnc	00104$
                                    105 ;	src/uart.c: 35: UART1_SendData8(str[i]);
      000045 5F               [ 1]  106 	clrw	x
      000046 7B 01            [ 1]  107 	ld	a, (0x01, sp)
      000048 97               [ 1]  108 	ld	xl, a
      000049 72 FB 06         [ 2]  109 	addw	x, (0x06, sp)
      00004C F6               [ 1]  110 	ld	a, (x)
      00004D 88               [ 1]  111 	push	a
      00004E CDr00r00         [ 4]  112 	call	_UART1_SendData8
      000051 84               [ 1]  113 	pop	a
                                    114 ;	src/uart.c: 37: while (UART1_GetFlagStatus(UART1_FLAG_TXE) == RESET);
      000052                        115 00101$:
      000052 4B 80            [ 1]  116 	push	#0x80
      000054 4B 00            [ 1]  117 	push	#0x00
      000056 CDr00r00         [ 4]  118 	call	_UART1_GetFlagStatus
      000059 85               [ 2]  119 	popw	x
      00005A 4D               [ 1]  120 	tnz	a
      00005B 27 F5            [ 1]  121 	jreq	00101$
                                    122 ;	src/uart.c: 33: for(i = 0; i < strlen(str); i++) {
      00005D 0C 01            [ 1]  123 	inc	(0x01, sp)
      00005F 20 CE            [ 2]  124 	jra	00106$
      000061                        125 00104$:
                                    126 ;	src/uart.c: 39: return(i); // Bytes sent
      000061 7B 01            [ 1]  127 	ld	a, (0x01, sp)
      000063 97               [ 1]  128 	ld	xl, a
      000064 49               [ 1]  129 	rlc	a
      000065 4F               [ 1]  130 	clr	a
      000066 A2 00            [ 1]  131 	sbc	a, #0x00
      000068 95               [ 1]  132 	ld	xh, a
      000069 5B 03            [ 2]  133 	addw	sp, #3
      00006B 81               [ 4]  134 	ret
                                    135 ;	src/uart.c: 42: int uart_read(void)
                                    136 ;	-----------------------------------------
                                    137 ;	 function uart_read
                                    138 ;	-----------------------------------------
      00006C                        139 _uart_read:
                                    140 ;	src/uart.c: 46: while (UART1_GetFlagStatus(UART1_FLAG_RXNE) == RESET);
      00006C                        141 00101$:
      00006C 4B 20            [ 1]  142 	push	#0x20
      00006E 4B 00            [ 1]  143 	push	#0x00
      000070 CDr00r00         [ 4]  144 	call	_UART1_GetFlagStatus
      000073 85               [ 2]  145 	popw	x
      000074 4D               [ 1]  146 	tnz	a
      000075 27 F5            [ 1]  147 	jreq	00101$
                                    148 ;	src/uart.c: 47: c = UART1_ReceiveData8();
      000077 CDr00r00         [ 4]  149 	call	_UART1_ReceiveData8
      00007A 5F               [ 1]  150 	clrw	x
      00007B 97               [ 1]  151 	ld	xl, a
                                    152 ;	src/uart.c: 48: return (c);
      00007C 81               [ 4]  153 	ret
                                    154 	.area CODE
                                    155 	.area INITIALIZER
                                    156 	.area CABS (ABS)
